Token Num Code =        15      Lexeme =        for
Token Num Code =        25      Lexeme =        (
Token Num Code =        15      Lexeme =        int
Token Num Code =        11      Lexeme =        i
Token Num Code =        220     Lexeme =        =
Token Num Code =        10      Lexeme =        0
Token Num Code =        128     Lexeme =        ;
Token Num Code =        128     Lexeme =        ;
Token Num Code =        330     Lexeme =        ++
Token Num Code =        11      Lexeme =        i
Token Num Code =        26      Lexeme =        )
Token Num Code =        12      Lexeme =        squares[7]
Token Num Code =        220     Lexeme =        =
Token Num Code =        222     Lexeme =        -
Token Num Code =        10      Lexeme =        1
Token Num Code =        128     Lexeme =        ;
Token Num Code =        11      Lexeme =        numSquares
Token Num Code =        220     Lexeme =        =
Token Num Code =        10      Lexeme =        0
Token Num Code =        128     Lexeme =        ;
Token Num Code =        15      Lexeme =        int
Token Num Code =        11      Lexeme =        depth
Token Num Code =        220     Lexeme =        =
Token Num Code =        12      Lexeme =        parent[4]
Token Num Code =        220     Lexeme =        =
Token Num Code =        11      Lexeme =        getDepth
Token Num Code =        221     Lexeme =        +
Token Num Code =        10      Lexeme =        1
Token Num Code =        128     Lexeme =        ;
Token Num Code =        15      Lexeme =        double
Token Num Code =        11      Lexeme =        cost
Token Num Code =        220     Lexeme =        =
Token Num Code =        12      Lexeme =        parent[9]
Token Num Code =        220     Lexeme =        =
Token Num Code =        11      Lexeme =        getCost
Token Num Code =        221     Lexeme =        +
Token Num Code =        11      Lexeme =        getDepth
Token Num Code =        128     Lexeme =        ;
Token Num Code =        15      Lexeme =        while
Token Num Code =        25      Lexeme =        (
Token Num Code =        11      Lexeme =        r
Token Num Code =        26      Lexeme =        )
Token Num Code =        125     Lexeme =        {
Token Num Code =        12      Lexeme =        sticks[0]
Token Num Code =        220     Lexeme =        =
Token Num Code =        11      Lexeme =        r
Token Num Code =        128     Lexeme =        ;
Token Num Code =        11      Lexeme =        numSticks
Token Num Code =        330     Lexeme =        ++
Token Num Code =        128     Lexeme =        ;
Token Num Code =        126     Lexeme =        }
Token Num Code =        15      Lexeme =        if
Token Num Code =        25      Lexeme =        (
Token Num Code =        11      Lexeme =        numActions
Token Num Code =        220     Lexeme =        =
Token Num Code =        11      Lexeme =        MAX_NUMBER_POURS
Token Num Code =        26      Lexeme =        )
Token Num Code =        125     Lexeme =        {
Token Num Code =        12      Lexeme =        action[3]
Token Num Code =        220     Lexeme =        =
Token Num Code =        14      Lexeme =        3976.5e-8
Token Num Code =        128     Lexeme =        ;
Token Num Code =        330     Lexeme =        ++
Token Num Code =        11      Lexeme =        numActions
Token Num Code =        128     Lexeme =        ;
Token Num Code =        11      Lexeme =        xJug5
Token Num Code =        343     Lexeme =        *=
Token Num Code =        11      Lexeme =        getActionJug5
Token Num Code =        329     Lexeme =        %
Token Num Code =        10      Lexeme =        3
Token Num Code =        128     Lexeme =        ;
Token Num Code =        11      Lexeme =        yJug2
Token Num Code =        349     Lexeme =        %=
Token Num Code =        11      Lexeme =        getActionJug2
Token Num Code =        227     Lexeme =        ^
Token Num Code =        10      Lexeme =        85
Token Num Code =        11      Lexeme =        e9
Token Num Code =        128     Lexeme =        ;
Token Num Code =        126     Lexeme =        }
Token Num Code =        15      Lexeme =        else
Token Num Code =        125     Lexeme =        {
Token Num Code =        330     Lexeme =        ++
Token Num Code =        11      Lexeme =        numJugs
Token Num Code =        220     Lexeme =        =
Token Num Code =        11      Lexeme =        numActions
Token Num Code =        331     Lexeme =        --
Token Num Code =        128     Lexeme =        ;
Token Num Code =        126     Lexeme =        }