Token Num Code =        15      Lexeme =        const
Token Num Code =        15      Lexeme =        long
Token Num Code =        11      Lexeme =        myC
Token Num Code =        220     Lexeme =        =
Token Num Code =        10      Lexeme =        827
Token Num Code =        128     Lexeme =        ;
Token Num Code =        15      Lexeme =        unsigned
Token Num Code =        12      Lexeme =        boardSlice[5]
Token Num Code =        220     Lexeme =        =
Token Num Code =        10      Lexeme =        0
Token Num Code =        128     Lexeme =        ;
Token Num Code =        15      Lexeme =        for
Token Num Code =        25      Lexeme =        (
Token Num Code =        15      Lexeme =        int
Token Num Code =        11      Lexeme =        jj
Token Num Code =        220     Lexeme =        =
Token Num Code =        10      Lexeme =        60
Token Num Code =        128     Lexeme =        ;
Token Num Code =        11      Lexeme =        jj
Token Num Code =        342     Lexeme =        -=
Token Num Code =        10      Lexeme =        2
Token Num Code =        128     Lexeme =        ;
Token Num Code =        330     Lexeme =        ++
Token Num Code =        11      Lexeme =        i
Token Num Code =        26      Lexeme =        )
Token Num Code =        125     Lexeme =        {
Token Num Code =        15      Lexeme =        float
Token Num Code =        11      Lexeme =        numsegment
Token Num Code =        220     Lexeme =        =
Token Num Code =        14      Lexeme =        465.23
Token Num Code =        128     Lexeme =        ;
Token Num Code =        15      Lexeme =        do
Token Num Code =        125     Lexeme =        {
Token Num Code =        12      Lexeme =        boardSegment[5]
Token Num Code =        220     Lexeme =        =
Token Num Code =        11      Lexeme =        numsegment
Token Num Code =        128     Lexeme =        ;
Token Num Code =        12      Lexeme =        boardSegment[6]
Token Num Code =        220     Lexeme =        =
Token Num Code =        14      Lexeme =        987.6E3
Token Num Code =        128     Lexeme =        ;
Token Num Code =        126     Lexeme =        }
Token Num Code =        15      Lexeme =        while
Token Num Code =        25      Lexeme =        (
Token Num Code =        11      Lexeme =        numsegment
Token Num Code =        220     Lexeme =        =
Token Num Code =        10      Lexeme =        256
Token Num Code =        26      Lexeme =        )
Token Num Code =        128     Lexeme =        ;
Token Num Code =        15      Lexeme =        while
Token Num Code =        25      Lexeme =        (
Token Num Code =        12      Lexeme =        boardLength[2]
Token Num Code =        220     Lexeme =        =
Token Num Code =        10      Lexeme =        523
Token Num Code =        26      Lexeme =        )
Token Num Code =        125     Lexeme =        {
Token Num Code =        15      Lexeme =        float
Token Num Code =        11      Lexeme =        segmentlength
Token Num Code =        220     Lexeme =        =
Token Num Code =        12      Lexeme =        boardLength[9]
Token Num Code =        128     Lexeme =        ;
Token Num Code =        15      Lexeme =        int
Token Num Code =        11      Lexeme =        k
Token Num Code =        220     Lexeme =        =
Token Num Code =        10      Lexeme =        0
Token Num Code =        128     Lexeme =        ;
Token Num Code =        15      Lexeme =        while
Token Num Code =        25      Lexeme =        (
Token Num Code =        11      Lexeme =        k
Token Num Code =        343     Lexeme =        *=
Token Num Code =        10      Lexeme =        348348
Token Num Code =        26      Lexeme =        )
Token Num Code =        125     Lexeme =        {
Token Num Code =        15      Lexeme =        if
Token Num Code =        25      Lexeme =        (
Token Num Code =        11      Lexeme =        segmentlength
Token Num Code =        220     Lexeme =        =
Token Num Code =        12      Lexeme =        boardLength[4884]
Token Num Code =        26      Lexeme =        )
Token Num Code =        11      Lexeme =        ii
Token Num Code =        220     Lexeme =        =
Token Num Code =        11      Lexeme =        ii
Token Num Code =        227     Lexeme =        ^
Token Num Code =        10      Lexeme =        3
Token Num Code =        128     Lexeme =        ;
Token Num Code =        11      Lexeme =        k
Token Num Code =        330     Lexeme =        ++
Token Num Code =        128     Lexeme =        ;
Token Num Code =        126     Lexeme =        }
Token Num Code =        126     Lexeme =        }
Token Num Code =        126     Lexeme =        }
Token Num Code =        -1      Lexeme =        EOF